# JRE version: Java(TM) SE Runtime Environment (17.0.12+8) (build 17.0.12+8-LTS-286)
# Java VM: Java HotSpot(TM) 64-Bit Server VM (17.0.12+8-LTS-286, mixed mode, sharing, tiered, compressed oops, compressed class ptrs, g1 gc, windows-amd64)
GC Precious Log:
 CPUs: 8 total, 8 available
 Memory: 16149M
 Large Page Support: Disabled
 NUMA Support: Disabled
 Compressed Oops: Enabled (Zero based)
 Heap Region Size: 2M
 Heap Min Capacity: 8M
 Heap Initial Capacity: 254M
 Heap Max Capacity: 4038M
 Pre-touch: Disabled
 Parallel Workers: 8
 Concurrent Workers: 2
 Concurrent Refinement Workers: 8
 Periodic GC: Disabled
Heap:
 garbage-first heap   total 178176K, used 89614K [0x0000000703a00000, 0x0000000800000000)
  region size 2048K, 30 young (61440K), 2 survivors (4096K)
 Metaspace       used 54816K, committed 55232K, reserved 1114112K
  class space    used 7404K, committed 7616K, reserved 1048576K
GC Heap History (20 events):
Event: 1.638 GC heap before
{Heap before GC invocations=0 (full 0):
 garbage-first heap   total 260096K, used 20480K [0x0000000703a00000, 0x0000000800000000)
  region size 2048K, 11 young (22528K), 0 survivors (0K)
 Metaspace       used 3134K, committed 3328K, reserved 1114112K
  class space    used 326K, committed 448K, reserved 1048576K
}
Event: 1.654 GC heap after
{Heap after GC invocations=1 (full 0):
 garbage-first heap   total 260096K, used 11388K [0x0000000703a00000, 0x0000000800000000)
  region size 2048K, 2 young (4096K), 2 survivors (4096K)
 Metaspace       used 3134K, committed 3328K, reserved 1114112K
  class space    used 326K, committed 448K, reserved 1048576K
}
Event: 2.002 GC heap before
{Heap before GC invocations=1 (full 0):
 garbage-first heap   total 260096K, used 25724K [0x0000000703a00000, 0x0000000800000000)
  region size 2048K, 10 young (20480K), 2 survivors (4096K)
 Metaspace       used 5350K, committed 5504K, reserved 1114112K
  class space    used 565K, committed 640K, reserved 1048576K
}
Event: 2.009 GC heap after
{Heap after GC invocations=2 (full 0):
 garbage-first heap   total 260096K, used 18319K [0x0000000703a00000, 0x0000000800000000)
  region size 2048K, 2 young (4096K), 2 survivors (4096K)
 Metaspace       used 5350K, committed 5504K, reserved 1114112K
  class space    used 565K, committed 640K, reserved 1048576K
}
Event: 4.733 GC heap before
{Heap before GC invocations=2 (full 0):
 garbage-first heap   total 260096K, used 55183K [0x0000000703a00000, 0x0000000800000000)
  region size 2048K, 21 young (43008K), 2 survivors (4096K)
 Metaspace       used 14442K, committed 14720K, reserved 1114112K
  class space    used 1844K, committed 1984K, reserved 1048576K
}
Event: 4.744 GC heap after
{Heap after GC invocations=3 (full 0):
 garbage-first heap   total 260096K, used 21168K [0x0000000703a00000, 0x0000000800000000)
  region size 2048K, 3 young (6144K), 3 survivors (6144K)
 Metaspace       used 14442K, committed 14720K, reserved 1114112K
  class space    used 1844K, committed 1984K, reserved 1048576K
}
Event: 6.872 GC heap before
{Heap before GC invocations=3 (full 0):
 garbage-first heap   total 260096K, used 45744K [0x0000000703a00000, 0x0000000800000000)
  region size 2048K, 17 young (34816K), 3 survivors (6144K)
 Metaspace       used 21143K, committed 21504K, reserved 1114112K
  class space    used 2727K, committed 2880K, reserved 1048576K
}
Event: 6.900 GC heap after
{Heap after GC invocations=4 (full 0):
 garbage-first heap   total 260096K, used 23871K [0x0000000703a00000, 0x0000000800000000)
  region size 2048K, 2 young (4096K), 2 survivors (4096K)
 Metaspace       used 21143K, committed 21504K, reserved 1114112K
  class space    used 2727K, committed 2880K, reserved 1048576K
}
Event: 8.358 GC heap before
{Heap before GC invocations=5 (full 0):
 garbage-first heap   total 96256K, used 64831K [0x0000000703a00000, 0x0000000800000000)
  region size 2048K, 24 young (49152K), 2 survivors (4096K)
 Metaspace       used 27747K, committed 28160K, reserved 1114112K
  class space    used 3458K, committed 3648K, reserved 1048576K
}
Event: 8.366 GC heap after
{Heap after GC invocations=6 (full 0):
 garbage-first heap   total 96256K, used 26914K [0x0000000703a00000, 0x0000000800000000)
  region size 2048K, 3 young (6144K), 3 survivors (6144K)
 Metaspace       used 27747K, committed 28160K, reserved 1114112K
  class space    used 3458K, committed 3648K, reserved 1048576K
}
Event: 9.519 GC heap before
{Heap before GC invocations=6 (full 0):
 garbage-first heap   total 96256K, used 61730K [0x0000000703a00000, 0x0000000800000000)
  region size 2048K, 20 young (40960K), 3 survivors (6144K)
 Metaspace       used 32513K, committed 32896K, reserved 1114112K
  class space    used 4179K, committed 4352K, reserved 1048576K
}
Event: 9.532 GC heap after
{Heap after GC invocations=7 (full 0):
 garbage-first heap   total 96256K, used 29081K [0x0000000703a00000, 0x0000000800000000)
  region size 2048K, 2 young (4096K), 2 survivors (4096K)
 Metaspace       used 32513K, committed 32896K, reserved 1114112K
  class space    used 4179K, committed 4352K, reserved 1048576K
}
Event: 10.411 GC heap before
{Heap before GC invocations=7 (full 0):
 garbage-first heap   total 96256K, used 57753K [0x0000000703a00000, 0x0000000800000000)
  region size 2048K, 17 young (34816K), 2 survivors (4096K)
 Metaspace       used 35789K, committed 36160K, reserved 1114112K
  class space    used 4574K, committed 4736K, reserved 1048576K
}
Event: 10.424 GC heap after
{Heap after GC invocations=8 (full 0):
 garbage-first heap   total 96256K, used 30801K [0x0000000703a00000, 0x0000000800000000)
  region size 2048K, 3 young (6144K), 3 survivors (6144K)
 Metaspace       used 35789K, committed 36160K, reserved 1114112K
  class space    used 4574K, committed 4736K, reserved 1048576K
}
Event: 11.492 GC heap before
{Heap before GC invocations=9 (full 0):
 garbage-first heap   total 96256K, used 65617K [0x0000000703a00000, 0x0000000800000000)
  region size 2048K, 20 young (40960K), 3 survivors (6144K)
 Metaspace       used 40286K, committed 40768K, reserved 1114112K
  class space    used 5188K, committed 5440K, reserved 1048576K
}
Event: 11.511 GC heap after
{Heap after GC invocations=10 (full 0):
 garbage-first heap   total 96256K, used 33007K [0x0000000703a00000, 0x0000000800000000)
  region size 2048K, 3 young (6144K), 3 survivors (6144K)
 Metaspace       used 40286K, committed 40768K, reserved 1114112K
  class space    used 5188K, committed 5440K, reserved 1048576K
}
Event: 11.553 GC heap before
{Heap before GC invocations=10 (full 0):
 garbage-first heap   total 96256K, used 35055K [0x0000000703a00000, 0x0000000800000000)
  region size 2048K, 4 young (8192K), 3 survivors (6144K)
 Metaspace       used 40317K, committed 40832K, reserved 1114112K
  class space    used 5191K, committed 5440K, reserved 1048576K
}
Event: 11.567 GC heap after
{Heap after GC invocations=11 (full 0):
 garbage-first heap   total 96256K, used 32757K [0x0000000703a00000, 0x0000000800000000)
  region size 2048K, 1 young (2048K), 1 survivors (2048K)
 Metaspace       used 40317K, committed 40832K, reserved 1114112K
  class space    used 5191K, committed 5440K, reserved 1048576K
}
Event: 12.735 GC heap before
{Heap before GC invocations=11 (full 0):
 garbage-first heap   total 96256K, used 67573K [0x0000000703a00000, 0x0000000800000000)
  region size 2048K, 19 young (38912K), 1 survivors (2048K)
 Metaspace       used 43505K, committed 43904K, reserved 1114112K
  class space    used 5570K, committed 5760K, reserved 1048576K
}
Event: 12.741 GC heap after
{Heap after GC invocations=12 (full 0):
 garbage-first heap   total 178176K, used 34318K [0x0000000703a00000, 0x0000000800000000)
  region size 2048K, 2 young (4096K), 2 survivors (4096K)
 Metaspace       used 43505K, committed 43904K, reserved 1114112K
  class space    used 5570K, committed 5760K, reserved 1048576K
}

